<?xml version="1.0" encoding="UTF-8"?>
<!-- Generated by org.testng.reporters.JUnitReportReporter -->
<testsuite hostname="DESKTOP-9UQ5Q6P" failures="0" tests="2" name="testpkg.Hometest" time="79.944" errors="0" timestamp="2024-04-01T16:28:42 IST" skipped="0">
  <testcase classname="testpkg.Hometest" name="test1" time="79.796"/>
  <testcase classname="testpkg.Hometest" name="titleverification" time="0.148"/>
</testsuite> <!-- testpkg.Hometest -->
